<?xml version="1.0" encoding="UTF-8"?>
<coverage generated="1653915546300" clover="3.2.0">
  <project timestamp="1653915546300" name="All files">
    <metrics statements="9" coveredstatements="8" conditionals="2" coveredconditionals="1" methods="5" coveredmethods="5" elements="16" coveredelements="14" complexity="0" loc="9" ncloc="9" packages="1" files="1" classes="1"/>
    <file name="arithmetic.js" path="E:\serverx\htdocs\project\Html_and_Css_Js\learning-unit-test\arithmetic-operations\arithmetic.js">
      <metrics statements="9" coveredstatements="8" conditionals="2" coveredconditionals="1" methods="5" coveredmethods="5"/>
      <line num="4" count="1" type="stmt"/>
      <line num="8" count="1" type="stmt"/>
      <line num="12" count="2" type="stmt"/>
      <line num="13" count="2" type="stmt"/>
      <line num="14" count="4" type="cond" truecount="1" falsecount="1"/>
      <line num="15" count="0" type="stmt"/>
      <line num="18" count="2" type="stmt"/>
      <line num="24" count="1" type="stmt"/>
      <line num="25" count="1" type="stmt"/>
    </file>
  </project>
</coverage>
