{"E:\\serverx\\htdocs\\project\\Html_and_Css_Js\\learning-unit-test\\arithmetic-operations\\arithmetic.js": {"path":"E:\\serverx\\htdocs\\project\\Html_and_Css_Js\\learning-unit-test\\arithmetic-operations\\arithmetic.js","statementMap":{"0":{"start":{"line":4,"column":6},"end":{"line":4,"column":16}},"1":{"start":{"line":8,"column":6},"end":{"line":8,"column":16}},"2":{"start":{"line":12,"column":4},"end":{"line":19,"column":6}},"3":{"start":{"line":13,"column":6},"end":{"line":17,"column":9}},"4":{"start":{"line":14,"column":8},"end":{"line":16,"column":9}},"5":{"start":{"line":15,"column":10},"end":{"line":15,"column":44}},"6":{"start":{"line":18,"column":6},"end":{"line":18,"column":25}},"7":{"start":{"line":24,"column":9},"end":{"line":24,"column":24}},"8":{"start":{"line":25,"column":0},"end":{"line":25,"column":17}}},"fnMap":{"0":{"name":"(anonymous_0)","decl":{"start":{"line":3,"column":2},"end":{"line":3,"column":3}},"loc":{"start":{"line":3,"column":12},"end":{"line":5,"column":3}},"line":3},"1":{"name":"(anonymous_1)","decl":{"start":{"line":7,"column":2},"end":{"line":7,"column":3}},"loc":{"start":{"line":7,"column":15},"end":{"line":9,"column":3}},"line":7},"2":{"name":"(anonymous_2)","decl":{"start":{"line":11,"column":2},"end":{"line":11,"column":3}},"loc":{"start":{"line":11,"column":22},"end":{"line":20,"column":3}},"line":11},"3":{"name":"(anonymous_3)","decl":{"start":{"line":12,"column":11},"end":{"line":12,"column":12}},"loc":{"start":{"line":12,"column":24},"end":{"line":19,"column":5}},"line":12},"4":{"name":"(anonymous_4)","decl":{"start":{"line":13,"column":19},"end":{"line":13,"column":20}},"loc":{"start":{"line":13,"column":30},"end":{"line":17,"column":7}},"line":13}},"branchMap":{"0":{"loc":{"start":{"line":14,"column":8},"end":{"line":16,"column":9}},"type":"if","locations":[{"start":{"line":14,"column":8},"end":{"line":16,"column":9}},{"start":{},"end":{}}],"line":14}},"s":{"0":1,"1":1,"2":2,"3":2,"4":4,"5":0,"6":2,"7":1,"8":1},"f":{"0":1,"1":1,"2":2,"3":2,"4":4},"b":{"0":[0,4]},"_coverageSchema":"1a1c01bbd47fc00a2c39e90264f33305004495a9","hash":"63936eda86187a56870c567b0a1caa3143a4489f"}
}
